Determining if the pthread_create exist failed with the following output:
Change Dir: /home/lion/project/c++20版本/build/CMakeFiles/CMakeTmp

Run Build Command:/usr/bin/gmake "cmTryCompileExec55907309/fast"
/usr/bin/gmake -f CMakeFiles/cmTryCompileExec55907309.dir/build.make CMakeFiles/cmTryCompileExec55907309.dir/build
gmake[1]: Entering directory `/home/lion/project/c++20版本/build/CMakeFiles/CMakeTmp'
/usr/bin/cmake -E cmake_progress_report /home/lion/project/c++20版本/build/CMakeFiles/CMakeTmp/CMakeFiles 1
Building C object CMakeFiles/cmTryCompileExec55907309.dir/CheckSymbolExists.c.o
/usr/bin/gcc    -o CMakeFiles/cmTryCompileExec55907309.dir/CheckSymbolExists.c.o   -c /home/lion/project/c++20版本/build/CMakeFiles/CMakeTmp/CheckSymbolExists.c
Linking C executable cmTryCompileExec55907309
/usr/bin/cmake -E cmake_link_script CMakeFiles/cmTryCompileExec55907309.dir/link.txt --verbose=1
/usr/bin/gcc       CMakeFiles/cmTryCompileExec55907309.dir/CheckSymbolExists.c.o  -o cmTryCompileExec55907309 -rdynamic 
CMakeFiles/cmTryCompileExec55907309.dir/CheckSymbolExists.c.o: In function `main':
CheckSymbolExists.c:(.text+0x16): undefined reference to `pthread_create'
collect2: error: ld returned 1 exit status
gmake[1]: *** [cmTryCompileExec55907309] Error 1
gmake[1]: Leaving directory `/home/lion/project/c++20版本/build/CMakeFiles/CMakeTmp'
gmake: *** [cmTryCompileExec55907309/fast] Error 2

File /home/lion/project/c++20版本/build/CMakeFiles/CMakeTmp/CheckSymbolExists.c:
/* */
#include <pthread.h>

int main(int argc, char** argv)
{
  (void)argv;
#ifndef pthread_create
  return ((int*)(&pthread_create))[argc];
#else
  (void)argc;
  return 0;
#endif
}

Determining if the function pthread_create exists in the pthreads failed with the following output:
Change Dir: /home/lion/project/c++20版本/build/CMakeFiles/CMakeTmp

Run Build Command:/usr/bin/gmake "cmTryCompileExec692478133/fast"
/usr/bin/gmake -f CMakeFiles/cmTryCompileExec692478133.dir/build.make CMakeFiles/cmTryCompileExec692478133.dir/build
gmake[1]: Entering directory `/home/lion/project/c++20版本/build/CMakeFiles/CMakeTmp'
/usr/bin/cmake -E cmake_progress_report /home/lion/project/c++20版本/build/CMakeFiles/CMakeTmp/CMakeFiles 1
Building C object CMakeFiles/cmTryCompileExec692478133.dir/CheckFunctionExists.c.o
/usr/bin/gcc   -DCHECK_FUNCTION_EXISTS=pthread_create   -o CMakeFiles/cmTryCompileExec692478133.dir/CheckFunctionExists.c.o   -c /usr/share/cmake/Modules/CheckFunctionExists.c
Linking C executable cmTryCompileExec692478133
/usr/bin/cmake -E cmake_link_script CMakeFiles/cmTryCompileExec692478133.dir/link.txt --verbose=1
/usr/bin/gcc   -DCHECK_FUNCTION_EXISTS=pthread_create    CMakeFiles/cmTryCompileExec692478133.dir/CheckFunctionExists.c.o  -o cmTryCompileExec692478133 -rdynamic -lpthreads 
/opt/rh/devtoolset-8/root/usr/libexec/gcc/x86_64-redhat-linux/8/ld: cannot find -lpthreads
collect2: error: ld returned 1 exit status
gmake[1]: *** [cmTryCompileExec692478133] Error 1
gmake[1]: Leaving directory `/home/lion/project/c++20版本/build/CMakeFiles/CMakeTmp'
gmake: *** [cmTryCompileExec692478133/fast] Error 2


